<?xml version="1.0" encoding="UTF-8"?>
<!-- Generated by org.testng.reporters.JUnitReportReporter -->
<testsuite hostname="DESKTOP-O7UM0M3" failures="0" tests="1" name="tests.swagLabsTest" time="62.506" errors="0" timestamp="2024-09-24T21:21:28 BST" skipped="0">
  <testcase classname="tests.swagLabsTest" name="verifySauceDemo_ThankYouOrderTest" time="62.506"/>
  <system-out/>
</testsuite> <!-- tests.swagLabsTest -->
